[2023-09-14 16:56:31] live.ERROR: The Pusher library requires the PHP cURL module. Please ensure it is installed {"exception":"[object] (Pusher\\PusherException(code: 0): The Pusher library requires the PHP cURL module. Please ensure it is installed at /var/www/html/payroll-superadmin-instance/vendor/pusher/pusher-php-server/src/Pusher.php:248)
[stacktrace]
#0 /var/www/html/payroll-superadmin-instance/vendor/pusher/pusher-php-server/src/Pusher.php(72): Pusher\\Pusher->check_compatibility()
#1 /var/www/html/payroll-superadmin-instance/vendor/laravel/framework/src/Illuminate/Broadcasting/BroadcastManager.php(213): Pusher\\Pusher->__construct()
#2 /var/www/html/payroll-superadmin-instance/vendor/laravel/framework/src/Illuminate/Broadcasting/BroadcastManager.php(189): Illuminate\\Broadcasting\\BroadcastManager->createPusherDriver()
#3 /var/www/html/payroll-superadmin-instance/vendor/laravel/framework/src/Illuminate/Broadcasting/BroadcastManager.php(164): Illuminate\\Broadcasting\\BroadcastManager->resolve()
#4 /var/www/html/payroll-superadmin-instance/vendor/laravel/framework/src/Illuminate/Broadcasting/BroadcastManager.php(153): Illuminate\\Broadcasting\\BroadcastManager->get()
#5 /var/www/html/payroll-superadmin-instance/vendor/laravel/framework/src/Illuminate/Broadcasting/BroadcastManager.php(319): Illuminate\\Broadcasting\\BroadcastManager->driver()
#6 /var/www/html/payroll-superadmin-instance/vendor/laravel/framework/src/Illuminate/Support/Facades/Facade.php(239): Illuminate\\Broadcasting\\BroadcastManager->__call()
#7 /var/www/html/payroll-superadmin-instance/routes/channels.php(16): Illuminate\\Support\\Facades\\Facade::__callStatic()
#8 /var/www/html/payroll-superadmin-instance/app/Providers/BroadcastServiceProvider.php(19): require('/var/www/html/p...')
#9 [internal function]: App\\Providers\\BroadcastServiceProvider->boot()
#10 /var/www/html/payroll-superadmin-instance/vendor/laravel/framework/src/Illuminate/Container/BoundMethod.php(32): call_user_func_array()
#11 /var/www/html/payroll-superadmin-instance/vendor/laravel/framework/src/Illuminate/Container/BoundMethod.php(90): Illuminate\\Container\\BoundMethod::Illuminate\\Container\\{closure}()
#12 /var/www/html/payroll-superadmin-instance/vendor/laravel/framework/src/Illuminate/Container/BoundMethod.php(34): Illuminate\\Container\\BoundMethod::callBoundMethod()
#13 /var/www/html/payroll-superadmin-instance/vendor/laravel/framework/src/Illuminate/Container/Container.php(576): Illuminate\\Container\\BoundMethod::call()
#14 /var/www/html/payroll-superadmin-instance/vendor/laravel/framework/src/Illuminate/Foundation/Application.php(827): Illuminate\\Container\\Container->call()
#15 /var/www/html/payroll-superadmin-instance/vendor/laravel/framework/src/Illuminate/Foundation/Application.php(810): Illuminate\\Foundation\\Application->bootProvider()
#16 [internal function]: Illuminate\\Foundation\\Application->Illuminate\\Foundation\\{closure}()
#17 /var/www/html/payroll-superadmin-instance/vendor/laravel/framework/src/Illuminate/Foundation/Application.php(811): array_walk()
#18 /var/www/html/payroll-superadmin-instance/vendor/laravel/framework/src/Illuminate/Foundation/Bootstrap/BootProviders.php(17): Illuminate\\Foundation\\Application->boot()
#19 /var/www/html/payroll-superadmin-instance/vendor/laravel/framework/src/Illuminate/Foundation/Application.php(210): Illuminate\\Foundation\\Bootstrap\\BootProviders->bootstrap()
#20 /var/www/html/payroll-superadmin-instance/vendor/laravel/framework/src/Illuminate/Foundation/Console/Kernel.php(322): Illuminate\\Foundation\\Application->bootstrapWith()
#21 /var/www/html/payroll-superadmin-instance/vendor/laravel/framework/src/Illuminate/Foundation/Console/Kernel.php(131): Illuminate\\Foundation\\Console\\Kernel->bootstrap()
#22 /var/www/html/payroll-superadmin-instance/artisan(35): Illuminate\\Foundation\\Console\\Kernel->handle()
#23 {main}
"} 
[2023-09-14 17:02:36] live.ERROR: The Pusher library requires the PHP cURL module. Please ensure it is installed {"exception":"[object] (Pusher\\PusherException(code: 0): The Pusher library requires the PHP cURL module. Please ensure it is installed at /var/www/html/payroll-superadmin-instance/vendor/pusher/pusher-php-server/src/Pusher.php:248)
[stacktrace]
#0 /var/www/html/payroll-superadmin-instance/vendor/pusher/pusher-php-server/src/Pusher.php(72): Pusher\\Pusher->check_compatibility()
#1 /var/www/html/payroll-superadmin-instance/vendor/laravel/framework/src/Illuminate/Broadcasting/BroadcastManager.php(213): Pusher\\Pusher->__construct()
#2 /var/www/html/payroll-superadmin-instance/vendor/laravel/framework/src/Illuminate/Broadcasting/BroadcastManager.php(189): Illuminate\\Broadcasting\\BroadcastManager->createPusherDriver()
#3 /var/www/html/payroll-superadmin-instance/vendor/laravel/framework/src/Illuminate/Broadcasting/BroadcastManager.php(164): Illuminate\\Broadcasting\\BroadcastManager->resolve()
#4 /var/www/html/payroll-superadmin-instance/vendor/laravel/framework/src/Illuminate/Broadcasting/BroadcastManager.php(153): Illuminate\\Broadcasting\\BroadcastManager->get()
#5 /var/www/html/payroll-superadmin-instance/vendor/laravel/framework/src/Illuminate/Broadcasting/BroadcastManager.php(319): Illuminate\\Broadcasting\\BroadcastManager->driver()
#6 /var/www/html/payroll-superadmin-instance/vendor/laravel/framework/src/Illuminate/Support/Facades/Facade.php(239): Illuminate\\Broadcasting\\BroadcastManager->__call()
#7 /var/www/html/payroll-superadmin-instance/routes/channels.php(16): Illuminate\\Support\\Facades\\Facade::__callStatic()
#8 /var/www/html/payroll-superadmin-instance/app/Providers/BroadcastServiceProvider.php(19): require('/var/www/html/p...')
#9 [internal function]: App\\Providers\\BroadcastServiceProvider->boot()
#10 /var/www/html/payroll-superadmin-instance/vendor/laravel/framework/src/Illuminate/Container/BoundMethod.php(32): call_user_func_array()
#11 /var/www/html/payroll-superadmin-instance/vendor/laravel/framework/src/Illuminate/Container/BoundMethod.php(90): Illuminate\\Container\\BoundMethod::Illuminate\\Container\\{closure}()
#12 /var/www/html/payroll-superadmin-instance/vendor/laravel/framework/src/Illuminate/Container/BoundMethod.php(34): Illuminate\\Container\\BoundMethod::callBoundMethod()
#13 /var/www/html/payroll-superadmin-instance/vendor/laravel/framework/src/Illuminate/Container/Container.php(576): Illuminate\\Container\\BoundMethod::call()
#14 /var/www/html/payroll-superadmin-instance/vendor/laravel/framework/src/Illuminate/Foundation/Application.php(827): Illuminate\\Container\\Container->call()
#15 /var/www/html/payroll-superadmin-instance/vendor/laravel/framework/src/Illuminate/Foundation/Application.php(810): Illuminate\\Foundation\\Application->bootProvider()
#16 [internal function]: Illuminate\\Foundation\\Application->Illuminate\\Foundation\\{closure}()
#17 /var/www/html/payroll-superadmin-instance/vendor/laravel/framework/src/Illuminate/Foundation/Application.php(811): array_walk()
#18 /var/www/html/payroll-superadmin-instance/vendor/laravel/framework/src/Illuminate/Foundation/Bootstrap/BootProviders.php(17): Illuminate\\Foundation\\Application->boot()
#19 /var/www/html/payroll-superadmin-instance/vendor/laravel/framework/src/Illuminate/Foundation/Application.php(210): Illuminate\\Foundation\\Bootstrap\\BootProviders->bootstrap()
#20 /var/www/html/payroll-superadmin-instance/vendor/laravel/framework/src/Illuminate/Foundation/Console/Kernel.php(322): Illuminate\\Foundation\\Application->bootstrapWith()
#21 /var/www/html/payroll-superadmin-instance/vendor/laravel/framework/src/Illuminate/Foundation/Console/Kernel.php(131): Illuminate\\Foundation\\Console\\Kernel->bootstrap()
#22 /var/www/html/payroll-superadmin-instance/artisan(35): Illuminate\\Foundation\\Console\\Kernel->handle()
#23 {main}
"} 
[2023-09-14 17:02:49] live.ERROR: The Pusher library requires the PHP cURL module. Please ensure it is installed {"exception":"[object] (Pusher\\PusherException(code: 0): The Pusher library requires the PHP cURL module. Please ensure it is installed at /var/www/html/payroll-superadmin-instance/vendor/pusher/pusher-php-server/src/Pusher.php:248)
[stacktrace]
#0 /var/www/html/payroll-superadmin-instance/vendor/pusher/pusher-php-server/src/Pusher.php(72): Pusher\\Pusher->check_compatibility()
#1 /var/www/html/payroll-superadmin-instance/vendor/laravel/framework/src/Illuminate/Broadcasting/BroadcastManager.php(213): Pusher\\Pusher->__construct()
#2 /var/www/html/payroll-superadmin-instance/vendor/laravel/framework/src/Illuminate/Broadcasting/BroadcastManager.php(189): Illuminate\\Broadcasting\\BroadcastManager->createPusherDriver()
#3 /var/www/html/payroll-superadmin-instance/vendor/laravel/framework/src/Illuminate/Broadcasting/BroadcastManager.php(164): Illuminate\\Broadcasting\\BroadcastManager->resolve()
#4 /var/www/html/payroll-superadmin-instance/vendor/laravel/framework/src/Illuminate/Broadcasting/BroadcastManager.php(153): Illuminate\\Broadcasting\\BroadcastManager->get()
#5 /var/www/html/payroll-superadmin-instance/vendor/laravel/framework/src/Illuminate/Broadcasting/BroadcastManager.php(319): Illuminate\\Broadcasting\\BroadcastManager->driver()
#6 /var/www/html/payroll-superadmin-instance/vendor/laravel/framework/src/Illuminate/Support/Facades/Facade.php(239): Illuminate\\Broadcasting\\BroadcastManager->__call()
#7 /var/www/html/payroll-superadmin-instance/routes/channels.php(16): Illuminate\\Support\\Facades\\Facade::__callStatic()
#8 /var/www/html/payroll-superadmin-instance/app/Providers/BroadcastServiceProvider.php(19): require('/var/www/html/p...')
#9 [internal function]: App\\Providers\\BroadcastServiceProvider->boot()
#10 /var/www/html/payroll-superadmin-instance/vendor/laravel/framework/src/Illuminate/Container/BoundMethod.php(32): call_user_func_array()
#11 /var/www/html/payroll-superadmin-instance/vendor/laravel/framework/src/Illuminate/Container/BoundMethod.php(90): Illuminate\\Container\\BoundMethod::Illuminate\\Container\\{closure}()
#12 /var/www/html/payroll-superadmin-instance/vendor/laravel/framework/src/Illuminate/Container/BoundMethod.php(34): Illuminate\\Container\\BoundMethod::callBoundMethod()
#13 /var/www/html/payroll-superadmin-instance/vendor/laravel/framework/src/Illuminate/Container/Container.php(576): Illuminate\\Container\\BoundMethod::call()
#14 /var/www/html/payroll-superadmin-instance/vendor/laravel/framework/src/Illuminate/Foundation/Application.php(827): Illuminate\\Container\\Container->call()
#15 /var/www/html/payroll-superadmin-instance/vendor/laravel/framework/src/Illuminate/Foundation/Application.php(810): Illuminate\\Foundation\\Application->bootProvider()
#16 [internal function]: Illuminate\\Foundation\\Application->Illuminate\\Foundation\\{closure}()
#17 /var/www/html/payroll-superadmin-instance/vendor/laravel/framework/src/Illuminate/Foundation/Application.php(811): array_walk()
#18 /var/www/html/payroll-superadmin-instance/vendor/laravel/framework/src/Illuminate/Foundation/Bootstrap/BootProviders.php(17): Illuminate\\Foundation\\Application->boot()
#19 /var/www/html/payroll-superadmin-instance/vendor/laravel/framework/src/Illuminate/Foundation/Application.php(210): Illuminate\\Foundation\\Bootstrap\\BootProviders->bootstrap()
#20 /var/www/html/payroll-superadmin-instance/vendor/laravel/framework/src/Illuminate/Foundation/Console/Kernel.php(322): Illuminate\\Foundation\\Application->bootstrapWith()
#21 /var/www/html/payroll-superadmin-instance/vendor/laravel/framework/src/Illuminate/Foundation/Console/Kernel.php(131): Illuminate\\Foundation\\Console\\Kernel->bootstrap()
#22 /var/www/html/payroll-superadmin-instance/artisan(35): Illuminate\\Foundation\\Console\\Kernel->handle()
#23 {main}
"} 
[2023-09-14 17:05:30] live.ERROR: The Pusher library requires the PHP cURL module. Please ensure it is installed {"exception":"[object] (Pusher\\PusherException(code: 0): The Pusher library requires the PHP cURL module. Please ensure it is installed at /var/www/html/payroll-superadmin-instance/vendor/pusher/pusher-php-server/src/Pusher.php:248)
[stacktrace]
#0 /var/www/html/payroll-superadmin-instance/vendor/pusher/pusher-php-server/src/Pusher.php(72): Pusher\\Pusher->check_compatibility()
#1 /var/www/html/payroll-superadmin-instance/vendor/laravel/framework/src/Illuminate/Broadcasting/BroadcastManager.php(213): Pusher\\Pusher->__construct()
#2 /var/www/html/payroll-superadmin-instance/vendor/laravel/framework/src/Illuminate/Broadcasting/BroadcastManager.php(189): Illuminate\\Broadcasting\\BroadcastManager->createPusherDriver()
#3 /var/www/html/payroll-superadmin-instance/vendor/laravel/framework/src/Illuminate/Broadcasting/BroadcastManager.php(164): Illuminate\\Broadcasting\\BroadcastManager->resolve()
#4 /var/www/html/payroll-superadmin-instance/vendor/laravel/framework/src/Illuminate/Broadcasting/BroadcastManager.php(153): Illuminate\\Broadcasting\\BroadcastManager->get()
#5 /var/www/html/payroll-superadmin-instance/vendor/laravel/framework/src/Illuminate/Broadcasting/BroadcastManager.php(319): Illuminate\\Broadcasting\\BroadcastManager->driver()
#6 /var/www/html/payroll-superadmin-instance/vendor/laravel/framework/src/Illuminate/Support/Facades/Facade.php(239): Illuminate\\Broadcasting\\BroadcastManager->__call()
#7 /var/www/html/payroll-superadmin-instance/routes/channels.php(16): Illuminate\\Support\\Facades\\Facade::__callStatic()
#8 /var/www/html/payroll-superadmin-instance/app/Providers/BroadcastServiceProvider.php(19): require('/var/www/html/p...')
#9 [internal function]: App\\Providers\\BroadcastServiceProvider->boot()
#10 /var/www/html/payroll-superadmin-instance/vendor/laravel/framework/src/Illuminate/Container/BoundMethod.php(32): call_user_func_array()
#11 /var/www/html/payroll-superadmin-instance/vendor/laravel/framework/src/Illuminate/Container/BoundMethod.php(90): Illuminate\\Container\\BoundMethod::Illuminate\\Container\\{closure}()
#12 /var/www/html/payroll-superadmin-instance/vendor/laravel/framework/src/Illuminate/Container/BoundMethod.php(34): Illuminate\\Container\\BoundMethod::callBoundMethod()
#13 /var/www/html/payroll-superadmin-instance/vendor/laravel/framework/src/Illuminate/Container/Container.php(576): Illuminate\\Container\\BoundMethod::call()
#14 /var/www/html/payroll-superadmin-instance/vendor/laravel/framework/src/Illuminate/Foundation/Application.php(827): Illuminate\\Container\\Container->call()
#15 /var/www/html/payroll-superadmin-instance/vendor/laravel/framework/src/Illuminate/Foundation/Application.php(810): Illuminate\\Foundation\\Application->bootProvider()
#16 [internal function]: Illuminate\\Foundation\\Application->Illuminate\\Foundation\\{closure}()
#17 /var/www/html/payroll-superadmin-instance/vendor/laravel/framework/src/Illuminate/Foundation/Application.php(811): array_walk()
#18 /var/www/html/payroll-superadmin-instance/vendor/laravel/framework/src/Illuminate/Foundation/Bootstrap/BootProviders.php(17): Illuminate\\Foundation\\Application->boot()
#19 /var/www/html/payroll-superadmin-instance/vendor/laravel/framework/src/Illuminate/Foundation/Application.php(210): Illuminate\\Foundation\\Bootstrap\\BootProviders->bootstrap()
#20 /var/www/html/payroll-superadmin-instance/vendor/laravel/framework/src/Illuminate/Foundation/Console/Kernel.php(322): Illuminate\\Foundation\\Application->bootstrapWith()
#21 /var/www/html/payroll-superadmin-instance/vendor/laravel/framework/src/Illuminate/Foundation/Console/Kernel.php(131): Illuminate\\Foundation\\Console\\Kernel->bootstrap()
#22 /var/www/html/payroll-superadmin-instance/artisan(35): Illuminate\\Foundation\\Console\\Kernel->handle()
#23 {main}
"} 
